build/app/intermediates/manifest_merge_blame_file/release/manifest-merger-blame-release-report.txt
1<?xml version="1.0" encoding="utf-8"?>
2<manifest xmlns:android="http://schemas.android.com/apk/res/android"
3    package="com.example.flutter_application_1"
4    android:versionCode="1"
5    android:versionName="1.0.0" >
6
7    <uses-sdk
8        android:minSdkVersion="21"
8-->src\main\AndroidManifest.xml
9        android:targetSdkVersion="33" />
9-->src\main\AndroidManifest.xml
10
11    <uses-permission android:name="android.permission.INTERNET" />
11-->[:firebase_messaging] AndroidManifest.xml:9:5-67
11-->[:firebase_messaging] AndroidManifest.xml:9:22-64
12    <uses-permission android:name="android.permission.WAKE_LOCK" />
12-->[:firebase_messaging] AndroidManifest.xml:10:5-68
12-->[:firebase_messaging] AndroidManifest.xml:10:22-65
13    <uses-permission android:name="android.permission.ACCESS_NETWORK_STATE" /> <!-- Permissions options for the `notification` group -->
13-->[:firebase_messaging] AndroidManifest.xml:11:5-79
13-->[:firebase_messaging] AndroidManifest.xml:11:22-76
14    <uses-permission android:name="android.permission.POST_NOTIFICATIONS" />
14-->[:firebase_messaging] AndroidManifest.xml:13:5-77
14-->[:firebase_messaging] AndroidManifest.xml:13:22-74
15    <uses-permission android:name="android.permission.RECEIVE_BOOT_COMPLETED" />
15-->[:flutter_local_notifications] AndroidManifest.xml:9:5-81
15-->[:flutter_local_notifications] AndroidManifest.xml:9:22-78
16    <uses-permission android:name="android.permission.VIBRATE" />
16-->[:flutter_local_notifications] AndroidManifest.xml:10:5-66
16-->[:flutter_local_notifications] AndroidManifest.xml:10:22-63
17    <uses-permission android:name="android.permission.USE_FULL_SCREEN_INTENT" />
17-->[:flutter_local_notifications] AndroidManifest.xml:11:5-81
17-->[:flutter_local_notifications] AndroidManifest.xml:11:22-78
18    <uses-permission android:name="android.permission.SCHEDULE_EXACT_ALARM" />
18-->[:flutter_local_notifications] AndroidManifest.xml:12:5-79
18-->[:flutter_local_notifications] AndroidManifest.xml:12:22-76
19
20    <queries>
20-->[:whatsapp_share] AndroidManifest.xml:9:5-14:15
21
22        <!-- Explicit apps you know in advance about: -->
23        <package android:name="com.whatsapp" />
23-->[:whatsapp_share] AndroidManifest.xml:12:9-48
23-->[:whatsapp_share] AndroidManifest.xml:12:18-45
24        <package android:name="com.whatsapp.w4b" />
24-->[:whatsapp_share] AndroidManifest.xml:13:9-52
24-->[:whatsapp_share] AndroidManifest.xml:13:18-49
25
26        <intent>
26-->[io.kommunicate.sdk:kommunicateui:2.7.1] AndroidManifest.xml:13:9-15:18
27            <action android:name="android.media.action.IMAGE_CAPTURE" />
27-->[io.kommunicate.sdk:kommunicateui:2.7.1] AndroidManifest.xml:14:13-73
27-->[io.kommunicate.sdk:kommunicateui:2.7.1] AndroidManifest.xml:14:21-70
28        </intent>
29        <intent>
29-->[io.kommunicate.sdk:kommunicateui:2.7.1] AndroidManifest.xml:18:9-20:18
30            <action android:name="android.speech.RecognitionService" />
30-->[io.kommunicate.sdk:kommunicateui:2.7.1] AndroidManifest.xml:19:13-72
30-->[io.kommunicate.sdk:kommunicateui:2.7.1] AndroidManifest.xml:19:21-69
31        </intent>
32    </queries> <!-- Required by older versions of Google Play services to create IID tokens -->
33    <uses-permission android:name="com.google.android.c2dm.permission.RECEIVE" />
33-->[com.google.firebase:firebase-messaging:23.1.2] AndroidManifest.xml:28:5-82
33-->[com.google.firebase:firebase-messaging:23.1.2] AndroidManifest.xml:28:22-79
34    <uses-permission android:name="com.google.android.gms.permission.AD_ID" />
34-->[com.google.android.gms:play-services-measurement-api:21.2.2] AndroidManifest.xml:25:5-79
34-->[com.google.android.gms:play-services-measurement-api:21.2.2] AndroidManifest.xml:25:22-76
35    <uses-permission android:name="com.google.android.finsky.permission.BIND_GET_INSTALL_REFERRER_SERVICE" />
35-->[com.google.android.gms:play-services-measurement:21.2.2] AndroidManifest.xml:26:5-110
35-->[com.google.android.gms:play-services-measurement:21.2.2] AndroidManifest.xml:26:22-107
36
37    <uses-feature
37-->[com.google.android.gms:play-services-maps:17.0.0] AndroidManifest.xml:26:5-28:35
38        android:glEsVersion="0x00020000"
38-->[com.google.android.gms:play-services-maps:17.0.0] AndroidManifest.xml:27:9-41
39        android:required="true" />
39-->[com.google.android.gms:play-services-maps:17.0.0] AndroidManifest.xml:28:9-32
40
41    <application
42        android:name="android.app.Application"
42-->src\main\AndroidManifest.xml:7:9-42
43        android:allowBackup="true"
43-->[io.kommunicate.sdk:kommunicateui:2.7.1] AndroidManifest.xml:24:9-35
44        android:appComponentFactory="androidx.core.app.CoreComponentFactory"
44-->[androidx.core:core:1.6.0] AndroidManifest.xml:24:18-86
45        android:icon="@mipmap/ic_launcher"
45-->src\main\AndroidManifest.xml:8:9-43
46        android:label="Jeevan"
46-->src\main\AndroidManifest.xml:6:9-31
47        android:supportsRtl="true" >
47-->[io.kommunicate.sdk:kommunicateui:2.7.1] AndroidManifest.xml:26:9-35
48        <activity
48-->src\main\AndroidManifest.xml:9:9-29:20
49            android:name="com.example.flutter_application_1.MainActivity"
49-->src\main\AndroidManifest.xml:10:13-41
50            android:configChanges="orientation|keyboardHidden|keyboard|screenSize|smallestScreenSize|locale|layoutDirection|fontScale|screenLayout|density|uiMode"
50-->src\main\AndroidManifest.xml:14:13-163
51            android:exported="true"
51-->src\main\AndroidManifest.xml:11:13-36
52            android:hardwareAccelerated="true"
52-->src\main\AndroidManifest.xml:15:13-47
53            android:launchMode="singleTop"
53-->src\main\AndroidManifest.xml:12:13-43
54            android:theme="@style/LaunchTheme"
54-->src\main\AndroidManifest.xml:13:13-47
55            android:windowSoftInputMode="adjustResize" >
55-->src\main\AndroidManifest.xml:16:13-55
56
57            <!--
58                 Specifies an Android theme to apply to this Activity as soon as
59                 the Android process has started. This theme is visible to the user
60                 while the Flutter UI initializes. After that, this theme continues
61                 to determine the Window background behind the Flutter UI.
62            -->
63            <meta-data
63-->src\main\AndroidManifest.xml:21:13-24:17
64                android:name="io.flutter.embedding.android.NormalTheme"
64-->src\main\AndroidManifest.xml:22:15-70
65                android:resource="@style/NormalTheme" />
65-->src\main\AndroidManifest.xml:23:15-52
66
67            <intent-filter>
67-->src\main\AndroidManifest.xml:25:13-28:29
68                <action android:name="android.intent.action.MAIN" />
68-->src\main\AndroidManifest.xml:26:17-68
68-->src\main\AndroidManifest.xml:26:25-66
69
70                <category android:name="android.intent.category.LAUNCHER" />
70-->src\main\AndroidManifest.xml:27:17-76
70-->src\main\AndroidManifest.xml:27:27-74
71            </intent-filter>
72        </activity>
73        <!--
74             Don't delete the meta-data below.
75             This is used by the Flutter tool to generate GeneratedPluginRegistrant.java
76        -->
77        <meta-data
77-->src\main\AndroidManifest.xml:32:9-34:33
78            android:name="flutterEmbedding"
78-->src\main\AndroidManifest.xml:33:13-44
79            android:value="2" />
79-->src\main\AndroidManifest.xml:34:13-30
80
81        <service
81-->[:firebase_auth] AndroidManifest.xml:10:9-14:19
82            android:name="com.google.firebase.components.ComponentDiscoveryService"
82-->[:firebase_auth] AndroidManifest.xml:10:18-89
83            android:directBootAware="true"
83-->[com.google.firebase:firebase-common:20.3.2] AndroidManifest.xml:34:13-43
84            android:exported="false" >
84-->[com.google.firebase:firebase-analytics-ktx:21.2.2] AndroidManifest.xml:10:13-37
85            <meta-data
85-->[:firebase_auth] AndroidManifest.xml:11:13-13:85
86                android:name="com.google.firebase.components:io.flutter.plugins.firebase.auth.FlutterFirebaseAuthRegistrar"
86-->[:firebase_auth] AndroidManifest.xml:12:17-124
87                android:value="com.google.firebase.components.ComponentRegistrar" />
87-->[:firebase_auth] AndroidManifest.xml:13:17-82
88            <meta-data
88-->[:firebase_messaging] AndroidManifest.xml:38:13-40:85
89                android:name="com.google.firebase.components:io.flutter.plugins.firebase.messaging.FlutterFirebaseAppRegistrar"
89-->[:firebase_messaging] AndroidManifest.xml:39:17-128
90                android:value="com.google.firebase.components.ComponentRegistrar" />
90-->[:firebase_messaging] AndroidManifest.xml:40:17-82
91            <meta-data
91-->[:firebase_core] AndroidManifest.xml:11:13-13:85
92                android:name="com.google.firebase.components:io.flutter.plugins.firebase.core.FlutterFirebaseCoreRegistrar"
92-->[:firebase_core] AndroidManifest.xml:12:17-124
93                android:value="com.google.firebase.components.ComponentRegistrar" />
93-->[:firebase_core] AndroidManifest.xml:13:17-82
94            <meta-data
94-->[com.google.firebase:firebase-analytics-ktx:21.2.2] AndroidManifest.xml:11:13-13:85
95                android:name="com.google.firebase.components:com.google.firebase.analytics.ktx.FirebaseAnalyticsKtxRegistrar"
95-->[com.google.firebase:firebase-analytics-ktx:21.2.2] AndroidManifest.xml:12:17-126
96                android:value="com.google.firebase.components.ComponentRegistrar" />
96-->[com.google.firebase:firebase-analytics-ktx:21.2.2] AndroidManifest.xml:13:17-82
97            <meta-data
97-->[com.google.firebase:firebase-auth:22.0.0] AndroidManifest.xml:69:13-71:85
98                android:name="com.google.firebase.components:com.google.firebase.auth.FirebaseAuthRegistrar"
98-->[com.google.firebase:firebase-auth:22.0.0] AndroidManifest.xml:70:17-109
99                android:value="com.google.firebase.components.ComponentRegistrar" />
99-->[com.google.firebase:firebase-auth:22.0.0] AndroidManifest.xml:71:17-82
100            <meta-data
100-->[com.google.firebase:firebase-common-ktx:20.3.2] AndroidManifest.xml:14:13-16:85
101                android:name="com.google.firebase.components:com.google.firebase.ktx.FirebaseCommonKtxRegistrar"
101-->[com.google.firebase:firebase-common-ktx:20.3.2] AndroidManifest.xml:15:17-113
102                android:value="com.google.firebase.components.ComponentRegistrar" />
102-->[com.google.firebase:firebase-common-ktx:20.3.2] AndroidManifest.xml:16:17-82
103            <meta-data
103-->[com.google.firebase:firebase-messaging:23.1.2] AndroidManifest.xml:55:13-57:85
104                android:name="com.google.firebase.components:com.google.firebase.messaging.FirebaseMessagingRegistrar"
104-->[com.google.firebase:firebase-messaging:23.1.2] AndroidManifest.xml:56:17-119
105                android:value="com.google.firebase.components.ComponentRegistrar" />
105-->[com.google.firebase:firebase-messaging:23.1.2] AndroidManifest.xml:57:17-82
106            <meta-data
106-->[com.google.firebase:firebase-datatransport:18.1.7] AndroidManifest.xml:27:13-29:85
107                android:name="com.google.firebase.components:com.google.firebase.datatransport.TransportRegistrar"
107-->[com.google.firebase:firebase-datatransport:18.1.7] AndroidManifest.xml:28:17-115
108                android:value="com.google.firebase.components.ComponentRegistrar" />
108-->[com.google.firebase:firebase-datatransport:18.1.7] AndroidManifest.xml:29:17-82
109            <meta-data
109-->[com.google.firebase:firebase-iid:21.1.0] AndroidManifest.xml:32:13-34:85
110                android:name="com.google.firebase.components:com.google.firebase.iid.Registrar"
110-->[com.google.firebase:firebase-iid:21.1.0] AndroidManifest.xml:33:17-96
111                android:value="com.google.firebase.components.ComponentRegistrar" />
111-->[com.google.firebase:firebase-iid:21.1.0] AndroidManifest.xml:34:17-82
112            <meta-data
112-->[com.google.android.gms:play-services-measurement-api:21.2.2] AndroidManifest.xml:31:13-33:85
113                android:name="com.google.firebase.components:com.google.firebase.analytics.connector.internal.AnalyticsConnectorRegistrar"
113-->[com.google.android.gms:play-services-measurement-api:21.2.2] AndroidManifest.xml:32:17-139
114                android:value="com.google.firebase.components.ComponentRegistrar" />
114-->[com.google.android.gms:play-services-measurement-api:21.2.2] AndroidManifest.xml:33:17-82
115            <meta-data
115-->[com.google.firebase:firebase-installations:17.1.3] AndroidManifest.xml:17:13-19:85
116                android:name="com.google.firebase.components:com.google.firebase.installations.FirebaseInstallationsRegistrar"
116-->[com.google.firebase:firebase-installations:17.1.3] AndroidManifest.xml:18:17-127
117                android:value="com.google.firebase.components.ComponentRegistrar" />
117-->[com.google.firebase:firebase-installations:17.1.3] AndroidManifest.xml:19:17-82
118        </service>
119        <service
119-->[:firebase_messaging] AndroidManifest.xml:16:9-19:72
120            android:name="io.flutter.plugins.firebase.messaging.FlutterFirebaseMessagingBackgroundService"
120-->[:firebase_messaging] AndroidManifest.xml:17:13-107
121            android:exported="false"
121-->[:firebase_messaging] AndroidManifest.xml:18:13-37
122            android:permission="android.permission.BIND_JOB_SERVICE" />
122-->[:firebase_messaging] AndroidManifest.xml:19:13-69
123        <service
123-->[:firebase_messaging] AndroidManifest.xml:20:9-26:19
124            android:name="io.flutter.plugins.firebase.messaging.FlutterFirebaseMessagingService"
124-->[:firebase_messaging] AndroidManifest.xml:21:13-97
125            android:exported="false" >
125-->[:firebase_messaging] AndroidManifest.xml:22:13-37
126            <intent-filter>
126-->[:firebase_messaging] AndroidManifest.xml:23:13-25:29
127                <action android:name="com.google.firebase.MESSAGING_EVENT" />
127-->[:firebase_messaging] AndroidManifest.xml:24:17-78
127-->[:firebase_messaging] AndroidManifest.xml:24:25-75
128            </intent-filter>
129        </service>
130
131        <receiver
131-->[:firebase_messaging] AndroidManifest.xml:28:9-35:20
132            android:name="io.flutter.plugins.firebase.messaging.FlutterFirebaseMessagingReceiver"
132-->[:firebase_messaging] AndroidManifest.xml:29:13-98
133            android:exported="true"
133-->[:firebase_messaging] AndroidManifest.xml:30:13-36
134            android:permission="com.google.android.c2dm.permission.SEND" >
134-->[:firebase_messaging] AndroidManifest.xml:31:13-73
135            <intent-filter>
135-->[:firebase_messaging] AndroidManifest.xml:32:13-34:29
136                <action android:name="com.google.android.c2dm.intent.RECEIVE" />
136-->[:firebase_messaging] AndroidManifest.xml:33:17-81
136-->[:firebase_messaging] AndroidManifest.xml:33:25-78
137            </intent-filter>
138        </receiver>
139
140        <provider
140-->[:firebase_messaging] AndroidManifest.xml:43:9-47:38
141            android:name="io.flutter.plugins.firebase.messaging.FlutterFirebaseMessagingInitProvider"
141-->[:firebase_messaging] AndroidManifest.xml:44:13-102
142            android:authorities="com.example.flutter_application_1.flutterfirebasemessaginginitprovider"
142-->[:firebase_messaging] AndroidManifest.xml:45:13-88
143            android:exported="false"
143-->[:firebase_messaging] AndroidManifest.xml:46:13-37
144            android:initOrder="99" />
144-->[:firebase_messaging] AndroidManifest.xml:47:13-35
145
146        <receiver
146-->[:flutter_local_notifications] AndroidManifest.xml:16:9-18:40
147            android:name="com.dexterous.flutterlocalnotifications.ActionBroadcastReceiver"
147-->[:flutter_local_notifications] AndroidManifest.xml:17:13-91
148            android:exported="false" />
148-->[:flutter_local_notifications] AndroidManifest.xml:18:13-37
149        <receiver
149-->[:flutter_local_notifications] AndroidManifest.xml:19:9-21:40
150            android:name="com.dexterous.flutterlocalnotifications.ScheduledNotificationReceiver"
150-->[:flutter_local_notifications] AndroidManifest.xml:20:13-97
151            android:exported="false" />
151-->[:flutter_local_notifications] AndroidManifest.xml:21:13-37
152        <receiver
152-->[:flutter_local_notifications] AndroidManifest.xml:22:9-31:20
153            android:name="com.dexterous.flutterlocalnotifications.ScheduledNotificationBootReceiver"
153-->[:flutter_local_notifications] AndroidManifest.xml:23:13-101
154            android:exported="false" >
154-->[:flutter_local_notifications] AndroidManifest.xml:24:13-37
155            <intent-filter>
155-->[:flutter_local_notifications] AndroidManifest.xml:25:13-30:29
156                <action android:name="android.intent.action.BOOT_COMPLETED" />
156-->[:flutter_local_notifications] AndroidManifest.xml:26:17-79
156-->[:flutter_local_notifications] AndroidManifest.xml:26:25-76
157                <action android:name="android.intent.action.MY_PACKAGE_REPLACED" />
157-->[:flutter_local_notifications] AndroidManifest.xml:27:17-84
157-->[:flutter_local_notifications] AndroidManifest.xml:27:25-81
158                <action android:name="android.intent.action.QUICKBOOT_POWERON" />
158-->[:flutter_local_notifications] AndroidManifest.xml:28:17-82
158-->[:flutter_local_notifications] AndroidManifest.xml:28:25-79
159                <action android:name="com.htc.intent.action.QUICKBOOT_POWERON" />
159-->[:flutter_local_notifications] AndroidManifest.xml:29:17-82
159-->[:flutter_local_notifications] AndroidManifest.xml:29:25-79
160            </intent-filter>
161        </receiver>
162
163        <activity
163-->[:url_launcher_android] AndroidManifest.xml:10:9-13:74
164            android:name="io.flutter.plugins.urllauncher.WebViewActivity"
164-->[:url_launcher_android] AndroidManifest.xml:11:13-74
165            android:exported="false"
165-->[:url_launcher_android] AndroidManifest.xml:12:13-37
166            android:theme="@android:style/Theme.NoTitleBar.Fullscreen" />
166-->[:url_launcher_android] AndroidManifest.xml:13:13-71
167        <activity
167-->[com.google.firebase:firebase-auth:22.0.0] AndroidManifest.xml:29:9-46:20
168            android:name="com.google.firebase.auth.internal.GenericIdpActivity"
168-->[com.google.firebase:firebase-auth:22.0.0] AndroidManifest.xml:30:13-80
169            android:excludeFromRecents="true"
169-->[com.google.firebase:firebase-auth:22.0.0] AndroidManifest.xml:31:13-46
170            android:exported="true"
170-->[com.google.firebase:firebase-auth:22.0.0] AndroidManifest.xml:32:13-36
171            android:launchMode="singleTask"
171-->[com.google.firebase:firebase-auth:22.0.0] AndroidManifest.xml:33:13-44
172            android:theme="@android:style/Theme.Translucent.NoTitleBar" >
172-->[com.google.firebase:firebase-auth:22.0.0] AndroidManifest.xml:34:13-72
173            <intent-filter>
173-->[com.google.firebase:firebase-auth:22.0.0] AndroidManifest.xml:35:13-45:29
174                <action android:name="android.intent.action.VIEW" />
174-->[com.google.firebase:firebase-auth:22.0.0] AndroidManifest.xml:36:17-69
174-->[com.google.firebase:firebase-auth:22.0.0] AndroidManifest.xml:36:25-66
175
176                <category android:name="android.intent.category.DEFAULT" />
176-->[com.google.firebase:firebase-auth:22.0.0] AndroidManifest.xml:38:17-76
176-->[com.google.firebase:firebase-auth:22.0.0] AndroidManifest.xml:38:27-73
177                <category android:name="android.intent.category.BROWSABLE" />
177-->[com.google.firebase:firebase-auth:22.0.0] AndroidManifest.xml:39:17-78
177-->[com.google.firebase:firebase-auth:22.0.0] AndroidManifest.xml:39:27-75
178
179                <data
179-->[com.google.firebase:firebase-auth:22.0.0] AndroidManifest.xml:41:17-44:51
180                    android:host="firebase.auth"
180-->[com.google.firebase:firebase-auth:22.0.0] AndroidManifest.xml:42:21-49
181                    android:path="/"
181-->[com.google.firebase:firebase-auth:22.0.0] AndroidManifest.xml:43:21-37
182                    android:scheme="genericidp" />
182-->[com.google.firebase:firebase-auth:22.0.0] AndroidManifest.xml:44:21-48
183            </intent-filter>
184        </activity>
185        <activity
185-->[com.google.firebase:firebase-auth:22.0.0] AndroidManifest.xml:47:9-64:20
186            android:name="com.google.firebase.auth.internal.RecaptchaActivity"
186-->[com.google.firebase:firebase-auth:22.0.0] AndroidManifest.xml:48:13-79
187            android:excludeFromRecents="true"
187-->[com.google.firebase:firebase-auth:22.0.0] AndroidManifest.xml:49:13-46
188            android:exported="true"
188-->[com.google.firebase:firebase-auth:22.0.0] AndroidManifest.xml:50:13-36
189            android:launchMode="singleTask"
189-->[com.google.firebase:firebase-auth:22.0.0] AndroidManifest.xml:51:13-44
190            android:theme="@android:style/Theme.Translucent.NoTitleBar" >
190-->[com.google.firebase:firebase-auth:22.0.0] AndroidManifest.xml:52:13-72
191            <intent-filter>
191-->[com.google.firebase:firebase-auth:22.0.0] AndroidManifest.xml:53:13-63:29
192                <action android:name="android.intent.action.VIEW" />
192-->[com.google.firebase:firebase-auth:22.0.0] AndroidManifest.xml:36:17-69
192-->[com.google.firebase:firebase-auth:22.0.0] AndroidManifest.xml:36:25-66
193
194                <category android:name="android.intent.category.DEFAULT" />
194-->[com.google.firebase:firebase-auth:22.0.0] AndroidManifest.xml:38:17-76
194-->[com.google.firebase:firebase-auth:22.0.0] AndroidManifest.xml:38:27-73
195                <category android:name="android.intent.category.BROWSABLE" />
195-->[com.google.firebase:firebase-auth:22.0.0] AndroidManifest.xml:39:17-78
195-->[com.google.firebase:firebase-auth:22.0.0] AndroidManifest.xml:39:27-75
196
197                <data
197-->[com.google.firebase:firebase-auth:22.0.0] AndroidManifest.xml:41:17-44:51
198                    android:host="firebase.auth"
198-->[com.google.firebase:firebase-auth:22.0.0] AndroidManifest.xml:42:21-49
199                    android:path="/"
199-->[com.google.firebase:firebase-auth:22.0.0] AndroidManifest.xml:43:21-37
200                    android:scheme="recaptcha" />
200-->[com.google.firebase:firebase-auth:22.0.0] AndroidManifest.xml:44:21-48
201            </intent-filter>
202        </activity>
203
204        <uses-library
204-->[androidx.window:window:1.0.0-beta04] AndroidManifest.xml:25:9-27:40
205            android:name="androidx.window.extensions"
205-->[androidx.window:window:1.0.0-beta04] AndroidManifest.xml:26:13-54
206            android:required="false" />
206-->[androidx.window:window:1.0.0-beta04] AndroidManifest.xml:27:13-37
207        <uses-library
207-->[androidx.window:window:1.0.0-beta04] AndroidManifest.xml:28:9-30:40
208            android:name="androidx.window.sidecar"
208-->[androidx.window:window:1.0.0-beta04] AndroidManifest.xml:29:13-51
209            android:required="false" />
209-->[androidx.window:window:1.0.0-beta04] AndroidManifest.xml:30:13-37
210
211        <provider
211-->[io.kommunicate.sdk:kommunicateui:2.7.1] AndroidManifest.xml:27:9-36:20
212            android:name="com.applozic.mobicomkit.uiwidgets.KmFileProvider"
212-->[io.kommunicate.sdk:kommunicateui:2.7.1] AndroidManifest.xml:28:13-76
213            android:authorities="com.example.flutter_application_1.provider"
213-->[io.kommunicate.sdk:kommunicateui:2.7.1] AndroidManifest.xml:29:13-60
214            android:exported="false"
214-->[io.kommunicate.sdk:kommunicateui:2.7.1] AndroidManifest.xml:30:13-37
215            android:grantUriPermissions="true" >
215-->[io.kommunicate.sdk:kommunicateui:2.7.1] AndroidManifest.xml:31:13-47
216            <meta-data
216-->[io.kommunicate.sdk:kommunicateui:2.7.1] AndroidManifest.xml:33:13-35:61
217                android:name="android.support.FILE_PROVIDER_PATHS"
217-->[io.kommunicate.sdk:kommunicateui:2.7.1] AndroidManifest.xml:34:17-67
218                android:resource="@xml/km_provider_paths" />
218-->[io.kommunicate.sdk:kommunicateui:2.7.1] AndroidManifest.xml:35:17-58
219        </provider>
220
221        <service
221-->[io.kommunicate.sdk:kommunicateui:2.7.1] AndroidManifest.xml:38:9-45:19
222            android:name="com.applozic.mobicomkit.uiwidgets.KmFirebaseMessagingService"
222-->[io.kommunicate.sdk:kommunicateui:2.7.1] AndroidManifest.xml:39:13-88
223            android:exported="true"
223-->[io.kommunicate.sdk:kommunicateui:2.7.1] AndroidManifest.xml:40:13-36
224            android:stopWithTask="false" >
224-->[io.kommunicate.sdk:kommunicateui:2.7.1] AndroidManifest.xml:41:13-41
225            <intent-filter>
225-->[:firebase_messaging] AndroidManifest.xml:23:13-25:29
226                <action android:name="com.google.firebase.MESSAGING_EVENT" />
226-->[:firebase_messaging] AndroidManifest.xml:24:17-78
226-->[:firebase_messaging] AndroidManifest.xml:24:25-75
227            </intent-filter>
228        </service>
229
230        <activity
230-->[io.kommunicate.sdk:kommunicateui:2.7.1] AndroidManifest.xml:47:9-53:34
231            android:name="com.applozic.mobicomkit.uiwidgets.conversation.activity.ConversationActivity"
231-->[io.kommunicate.sdk:kommunicateui:2.7.1] AndroidManifest.xml:48:13-104
232            android:configChanges="keyboardHidden|screenSize|locale|smallestScreenSize|screenLayout|orientation"
232-->[io.kommunicate.sdk:kommunicateui:2.7.1] AndroidManifest.xml:49:13-113
233            android:label="@string/app_name"
233-->[io.kommunicate.sdk:kommunicateui:2.7.1] AndroidManifest.xml:50:13-45
234            android:launchMode="singleTask"
234-->[io.kommunicate.sdk:kommunicateui:2.7.1] AndroidManifest.xml:51:13-44
235            android:theme="@style/ApplozicTheme" />
235-->[io.kommunicate.sdk:kommunicateui:2.7.1] AndroidManifest.xml:52:13-49
236        <activity
236-->[io.kommunicate.sdk:kommunicateui:2.7.1] AndroidManifest.xml:54:9-59:58
237            android:name="com.applozic.mobicomkit.uiwidgets.conversation.activity.MobicomLocationActivity"
237-->[io.kommunicate.sdk:kommunicateui:2.7.1] AndroidManifest.xml:55:13-107
238            android:configChanges="keyboardHidden|screenSize|smallestScreenSize|screenLayout|orientation"
238-->[io.kommunicate.sdk:kommunicateui:2.7.1] AndroidManifest.xml:56:13-106
239            android:parentActivityName="com.applozic.mobicomkit.uiwidgets.conversation.activity.ConversationActivity"
239-->[io.kommunicate.sdk:kommunicateui:2.7.1] AndroidManifest.xml:57:13-118
240            android:theme="@style/ApplozicTheme"
240-->[io.kommunicate.sdk:kommunicateui:2.7.1] AndroidManifest.xml:58:13-49
241            android:windowSoftInputMode="adjustResize" />
241-->[io.kommunicate.sdk:kommunicateui:2.7.1] AndroidManifest.xml:59:13-55
242        <activity
242-->[io.kommunicate.sdk:kommunicateui:2.7.1] AndroidManifest.xml:60:9-72:20
243            android:name="com.applozic.mobicomkit.uiwidgets.conversation.activity.FullScreenImageActivity"
243-->[io.kommunicate.sdk:kommunicateui:2.7.1] AndroidManifest.xml:61:13-107
244            android:configChanges="keyboardHidden|orientation|screenSize"
244-->[io.kommunicate.sdk:kommunicateui:2.7.1] AndroidManifest.xml:62:13-74
245            android:label="Image"
245-->[io.kommunicate.sdk:kommunicateui:2.7.1] AndroidManifest.xml:63:13-34
246            android:parentActivityName="com.applozic.mobicomkit.uiwidgets.conversation.activity.ConversationActivity"
246-->[io.kommunicate.sdk:kommunicateui:2.7.1] AndroidManifest.xml:64:13-118
247            android:theme="@style/Applozic_FullScreen_Theme" >
247-->[io.kommunicate.sdk:kommunicateui:2.7.1] AndroidManifest.xml:65:13-61
248
249            <!-- Parent activity meta-data to support API level 7+ -->
250            <meta-data
250-->[io.kommunicate.sdk:kommunicateui:2.7.1] AndroidManifest.xml:69:13-71:112
251                android:name="android.support.PARENT_ACTIVITY"
251-->[io.kommunicate.sdk:kommunicateui:2.7.1] AndroidManifest.xml:70:17-63
252                android:value="com.applozic.mobicomkit.uiwidgets.conversation.activity.ConversationActivity" />
252-->[io.kommunicate.sdk:kommunicateui:2.7.1] AndroidManifest.xml:71:17-109
253        </activity>
254        <activity
254-->[io.kommunicate.sdk:kommunicateui:2.7.1] AndroidManifest.xml:73:9-80:34
255            android:name="com.applozic.mobicomkit.uiwidgets.conversation.richmessaging.webview.KmWebViewActivity"
255-->[io.kommunicate.sdk:kommunicateui:2.7.1] AndroidManifest.xml:74:13-114
256            android:configChanges="keyboardHidden|orientation|screenSize"
256-->[io.kommunicate.sdk:kommunicateui:2.7.1] AndroidManifest.xml:75:13-74
257            android:label="Image"
257-->[io.kommunicate.sdk:kommunicateui:2.7.1] AndroidManifest.xml:76:13-34
258            android:launchMode="singleTop"
258-->[io.kommunicate.sdk:kommunicateui:2.7.1] AndroidManifest.xml:77:13-43
259            android:parentActivityName="com.applozic.mobicomkit.uiwidgets.conversation.activity.ConversationActivity"
259-->[io.kommunicate.sdk:kommunicateui:2.7.1] AndroidManifest.xml:78:13-118
260            android:theme="@style/ApplozicTheme" />
260-->[io.kommunicate.sdk:kommunicateui:2.7.1] AndroidManifest.xml:79:13-49
261        <activity
261-->[io.kommunicate.sdk:kommunicateui:2.7.1] AndroidManifest.xml:81:9-85:34
262            android:name="com.applozic.mobicomkit.uiwidgets.kommunicate.activities.LeadCollectionActivity"
262-->[io.kommunicate.sdk:kommunicateui:2.7.1] AndroidManifest.xml:82:13-107
263            android:configChanges="keyboardHidden|orientation|screenSize"
263-->[io.kommunicate.sdk:kommunicateui:2.7.1] AndroidManifest.xml:83:13-74
264            android:theme="@style/ApplozicTheme" />
264-->[io.kommunicate.sdk:kommunicateui:2.7.1] AndroidManifest.xml:84:13-49
265        <activity